{"meta": {"format": 2, "version": "7.5.3", "timestamp": "2024-06-07T21:48:58.439334", "branch_coverage": false, "show_contexts": false}, "files": {"iter_utils/__init__.py": {"executed_lines": [1, 6, 7, 8, 10], "summary": {"covered_lines": 4, "num_statements": 4, "percent_covered": 100.0, "percent_covered_display": "100", "missing_lines": 0, "excluded_lines": 0}, "missing_lines": [], "excluded_lines": []}, "iter_utils/src/__init__.py": {"executed_lines": [0], "summary": {"covered_lines": 0, "num_statements": 0, "percent_covered": 100.0, "percent_covered_display": "100", "missing_lines": 0, "excluded_lines": 0}, "missing_lines": [], "excluded_lines": []}, "iter_utils/src/flatten.py": {"executed_lines": [1, 6, 7, 10, 11, 48, 51, 52, 53, 55, 56, 57, 58, 60, 61, 62, 63, 65, 66, 67, 68, 69, 71, 72, 73, 75, 76, 77, 79, 80, 84, 85, 87, 88, 89], "summary": {"covered_lines": 33, "num_statements": 35, "percent_covered": 94.28571428571429, "percent_covered_display": "94", "missing_lines": 2, "excluded_lines": 0}, "missing_lines": [81, 82], "excluded_lines": []}, "iter_utils/src/flatten_xml.py": {"executed_lines": [1, 6, 7, 8, 9, 12, 14, 18, 20, 22, 23, 27, 28, 34, 35, 37, 38, 39, 41, 42, 43, 46, 47, 48, 49, 51, 52, 54, 55, 56, 57, 58, 59, 61, 62], "summary": {"covered_lines": 34, "num_statements": 41, "percent_covered": 82.92682926829268, "percent_covered_display": "83", "missing_lines": 7, "excluded_lines": 0}, "missing_lines": [19, 21, 24, 25, 29, 30, 44], "excluded_lines": []}, "iter_utils/src/patterns.py": {"executed_lines": [1, 6, 7, 10, 11, 19, 32, 53], "summary": {"covered_lines": 6, "num_statements": 24, "percent_covered": 25.0, "percent_covered_display": "25", "missing_lines": 18, "excluded_lines": 0}, "missing_lines": [23, 24, 25, 26, 27, 28, 29, 30, 46, 47, 48, 49, 50, 51, 68, 69, 70, 71], "excluded_lines": []}, "iter_utils/tests/__init__.py": {"executed_lines": [0], "summary": {"covered_lines": 0, "num_statements": 0, "percent_covered": 100.0, "percent_covered_display": "100", "missing_lines": 0, "excluded_lines": 0}, "missing_lines": [], "excluded_lines": []}, "iter_utils/tests/test_flatten_dict.py": {"executed_lines": [3, 5, 20, 21, 22, 23, 24, 26, 28, 29, 30, 31, 33, 34, 35, 36], "summary": {"covered_lines": 16, "num_statements": 16, "percent_covered": 100.0, "percent_covered_display": "100", "missing_lines": 0, "excluded_lines": 0}, "missing_lines": [], "excluded_lines": []}, "iter_utils/tests/test_flatten_json.py": {"executed_lines": [1, 2, 4, 29, 30, 31, 32, 33, 35, 39], "summary": {"covered_lines": 10, "num_statements": 10, "percent_covered": 100.0, "percent_covered_display": "100", "missing_lines": 0, "excluded_lines": 0}, "missing_lines": [], "excluded_lines": []}, "iter_utils/tests/test_flatten_xml.py": {"executed_lines": [1, 2, 5, 25, 26, 28, 29, 30, 31, 32, 33, 35, 40, 41, 44, 45, 46, 47, 48, 50, 55, 56], "summary": {"covered_lines": 22, "num_statements": 22, "percent_covered": 100.0, "percent_covered_display": "100", "missing_lines": 0, "excluded_lines": 0}, "missing_lines": [], "excluded_lines": []}}, "totals": {"covered_lines": 125, "num_statements": 152, "percent_covered": 82.23684210526316, "percent_covered_display": "82", "missing_lines": 27, "excluded_lines": 0}}